Determining if the pthread_create exist failed with the following output:
Change Dir: /net/cremi/edupland/L2/Projet_Tech/hashitm4b2/sdl2-demo/CMakeFiles/CMakeTmp

Run Build Command:"/usr/bin/make" "cmTC_391c7/fast"
/usr/bin/make -f CMakeFiles/cmTC_391c7.dir/build.make CMakeFiles/cmTC_391c7.dir/build
make[1] : on entre dans le répertoire « /autofs/netapp/account/cremi/edupland/L2/Projet_Tech/hashitm4b2/sdl2-demo/CMakeFiles/CMakeTmp »
Building C object CMakeFiles/cmTC_391c7.dir/CheckSymbolExists.c.o
/usr/bin/cc    -std=c99 -g -Wall    -o CMakeFiles/cmTC_391c7.dir/CheckSymbolExists.c.o   -c /net/cremi/edupland/L2/Projet_Tech/hashitm4b2/sdl2-demo/CMakeFiles/CMakeTmp/CheckSymbolExists.c
Linking C executable cmTC_391c7
/usr/bin/cmake -E cmake_link_script CMakeFiles/cmTC_391c7.dir/link.txt --verbose=1
/usr/bin/cc  -std=c99 -g -Wall     CMakeFiles/cmTC_391c7.dir/CheckSymbolExists.c.o  -o cmTC_391c7 -rdynamic 
CMakeFiles/cmTC_391c7.dir/CheckSymbolExists.c.o : Dans la fonction « main » :
/net/cremi/edupland/L2/Projet_Tech/hashitm4b2/sdl2-demo/CMakeFiles/CMakeTmp/CheckSymbolExists.c:8 : référence indéfinie vers « pthread_create »
collect2: error: ld returned 1 exit status
CMakeFiles/cmTC_391c7.dir/build.make:97 : la recette pour la cible « cmTC_391c7 » a échouée
make[1]: *** [cmTC_391c7] Erreur 1
make[1] : on quitte le répertoire « /autofs/netapp/account/cremi/edupland/L2/Projet_Tech/hashitm4b2/sdl2-demo/CMakeFiles/CMakeTmp »
Makefile:126 : la recette pour la cible « cmTC_391c7/fast » a échouée
make: *** [cmTC_391c7/fast] Erreur 2

File /net/cremi/edupland/L2/Projet_Tech/hashitm4b2/sdl2-demo/CMakeFiles/CMakeTmp/CheckSymbolExists.c:
/* */
#include <pthread.h>

int main(int argc, char** argv)
{
  (void)argv;
#ifndef pthread_create
  return ((int*)(&pthread_create))[argc];
#else
  (void)argc;
  return 0;
#endif
}

Determining if the function pthread_create exists in the pthreads failed with the following output:
Change Dir: /net/cremi/edupland/L2/Projet_Tech/hashitm4b2/sdl2-demo/CMakeFiles/CMakeTmp

Run Build Command:"/usr/bin/make" "cmTC_84a76/fast"
/usr/bin/make -f CMakeFiles/cmTC_84a76.dir/build.make CMakeFiles/cmTC_84a76.dir/build
make[1] : on entre dans le répertoire « /autofs/netapp/account/cremi/edupland/L2/Projet_Tech/hashitm4b2/sdl2-demo/CMakeFiles/CMakeTmp »
Building C object CMakeFiles/cmTC_84a76.dir/CheckFunctionExists.c.o
/usr/bin/cc    -std=c99 -g -Wall -DCHECK_FUNCTION_EXISTS=pthread_create   -o CMakeFiles/cmTC_84a76.dir/CheckFunctionExists.c.o   -c /usr/share/cmake-3.7/Modules/CheckFunctionExists.c
Linking C executable cmTC_84a76
/usr/bin/cmake -E cmake_link_script CMakeFiles/cmTC_84a76.dir/link.txt --verbose=1
/usr/bin/cc  -std=c99 -g -Wall -DCHECK_FUNCTION_EXISTS=pthread_create    CMakeFiles/cmTC_84a76.dir/CheckFunctionExists.c.o  -o cmTC_84a76 -rdynamic -lpthreads 
/usr/bin/ld : ne peut trouver -lpthreads
collect2: error: ld returned 1 exit status
CMakeFiles/cmTC_84a76.dir/build.make:97 : la recette pour la cible « cmTC_84a76 » a échouée
make[1]: *** [cmTC_84a76] Erreur 1
make[1] : on quitte le répertoire « /autofs/netapp/account/cremi/edupland/L2/Projet_Tech/hashitm4b2/sdl2-demo/CMakeFiles/CMakeTmp »
Makefile:126 : la recette pour la cible « cmTC_84a76/fast » a échouée
make: *** [cmTC_84a76/fast] Erreur 2


